1 + 2 = 3
=== Fin d'historique ===
1 + 2 = 3
3 - 5 = -2
=== Fin d'historique ===
1 + 2 = 3
=== Fin d'historique ===
1 + 2 = 3
=== Fin d'historique ===
1 + 2 = 3
3 + 2 = 5
=== Fin d'historique ===
1 + 2 = 3
3 + 2 = 5
5 - 1 = 4
=== Fin d'historique ===
1 + 2 = 3
=== Fin d'historique ===
1 + 2 = 3
=== Fin d'historique ===
1 + 2 = 3
3 + 2 = 5
=== Fin d'historique ===
1 + 2 = 3
3 + 2 = 5
5 - 1 = 4
4 / 12 = 0.3333333333333333
=== Fin d'historique ===
1 + 2 = 3
=== Fin d'historique ===
1 + 2 = 3
3 * 8 = 24
=== Fin d'historique ===
1 + 2 = 3
3 * 8 = 24
3 - 1 = 2
=== Fin d'historique ===
1 + 1 = 2
=== Fin d'historique ===
2 + 2 = 4
=== Fin d'historique ===
1 + 2 = 3
=== Fin d'historique ===
12 + 10 = 22
=== Fin d'historique ===
